[0.623s] DEBUG:colcon:Command line arguments: ['/usr/bin/colcon', 'build', '--symlink-install']
[0.623s] DEBUG:colcon:Parsed command line arguments: Namespace(log_base=None, log_level=None, verb_name='build', build_base='build', install_base='install', merge_install=False, symlink_install=True, test_result_base=None, continue_on_error=False, executor='parallel', parallel_workers=8, event_handlers=None, ignore_user_meta=False, metas=['./colcon.meta'], base_paths=['.'], packages_ignore=None, packages_ignore_regex=None, paths=None, packages_up_to=None, packages_up_to_regex=None, packages_above=None, packages_above_and_dependencies=None, packages_above_depth=None, packages_select_by_dep=None, packages_skip_by_dep=None, packages_skip_up_to=None, packages_select_build_failed=False, packages_skip_build_finished=False, packages_select_test_failures=False, packages_skip_test_passed=False, packages_select=None, packages_skip=None, packages_select_regex=None, packages_skip_regex=None, packages_start=None, packages_end=None, allow_overriding=[], cmake_args=None, cmake_target=None, cmake_target_skip_unavailable=False, cmake_clean_cache=False, cmake_clean_first=False, cmake_force_configure=False, ament_cmake_args=None, catkin_cmake_args=None, catkin_skip_building_tests=False, verb_parser=<colcon_defaults.argument_parser.defaults.DefaultArgumentsDecorator object at 0x7fdd74581fc0>, verb_extension=<colcon_core.verb.build.BuildVerb object at 0x7fdd74583d30>, main=<bound method BuildVerb.main of <colcon_core.verb.build.BuildVerb object at 0x7fdd74583d30>>)
[0.653s] Level 1:colcon.colcon_core.package_discovery:discover_packages(colcon_meta) check parameters
[0.653s] Level 1:colcon.colcon_core.package_discovery:discover_packages(recursive) check parameters
[0.653s] Level 1:colcon.colcon_core.package_discovery:discover_packages(ignore) check parameters
[0.653s] Level 1:colcon.colcon_core.package_discovery:discover_packages(path) check parameters
[0.653s] Level 1:colcon.colcon_core.package_discovery:discover_packages(colcon_meta) discover
[0.653s] Level 1:colcon.colcon_core.package_discovery:discover_packages(recursive) discover
[0.653s] INFO:colcon.colcon_core.package_discovery:Crawling recursively for packages in '/home/krishna-vineeth/dev_ws'
[0.653s] Level 1:colcon.colcon_core.package_identification:_identify(.) by extensions ['ignore', 'ignore_ament_install']
[0.653s] Level 1:colcon.colcon_core.package_identification:_identify(.) by extension 'ignore'
[0.653s] Level 1:colcon.colcon_core.package_identification:_identify(.) by extension 'ignore_ament_install'
[0.653s] Level 1:colcon.colcon_core.package_identification:_identify(.) by extensions ['colcon_pkg']
[0.653s] Level 1:colcon.colcon_core.package_identification:_identify(.) by extension 'colcon_pkg'
[0.653s] Level 1:colcon.colcon_core.package_identification:_identify(.) by extensions ['colcon_meta']
[0.653s] Level 1:colcon.colcon_core.package_identification:_identify(.) by extension 'colcon_meta'
[0.653s] Level 1:colcon.colcon_core.package_identification:_identify(.) by extensions ['ros']
[0.653s] Level 1:colcon.colcon_core.package_identification:_identify(.) by extension 'ros'
[0.661s] Level 1:colcon.colcon_core.package_identification:_identify(.) by extensions ['cmake', 'python']
[0.661s] Level 1:colcon.colcon_core.package_identification:_identify(.) by extension 'cmake'
[0.661s] Level 1:colcon.colcon_core.package_identification:_identify(.) by extension 'python'
[0.661s] Level 1:colcon.colcon_core.package_identification:_identify(.) by extensions ['python_setup_py']
[0.661s] Level 1:colcon.colcon_core.package_identification:_identify(.) by extension 'python_setup_py'
[0.661s] Level 1:colcon.colcon_core.package_identification:_identify(build) by extensions ['ignore', 'ignore_ament_install']
[0.661s] Level 1:colcon.colcon_core.package_identification:_identify(build) by extension 'ignore'
[0.661s] Level 1:colcon.colcon_core.package_identification:_identify(build) ignored
[0.661s] Level 1:colcon.colcon_core.package_identification:_identify(gazebo_models) by extensions ['ignore', 'ignore_ament_install']
[0.661s] Level 1:colcon.colcon_core.package_identification:_identify(gazebo_models) by extension 'ignore'
[0.661s] Level 1:colcon.colcon_core.package_identification:_identify(gazebo_models) by extension 'ignore_ament_install'
[0.662s] Level 1:colcon.colcon_core.package_identification:_identify(gazebo_models) by extensions ['colcon_pkg']
[0.662s] Level 1:colcon.colcon_core.package_identification:_identify(gazebo_models) by extension 'colcon_pkg'
[0.662s] Level 1:colcon.colcon_core.package_identification:_identify(gazebo_models) by extensions ['colcon_meta']
[0.662s] Level 1:colcon.colcon_core.package_identification:_identify(gazebo_models) by extension 'colcon_meta'
[0.662s] Level 1:colcon.colcon_core.package_identification:_identify(gazebo_models) by extensions ['ros']
[0.662s] Level 1:colcon.colcon_core.package_identification:_identify(gazebo_models) by extension 'ros'
[0.662s] Level 1:colcon.colcon_core.package_identification:_identify(gazebo_models) by extensions ['cmake', 'python']
[0.662s] Level 1:colcon.colcon_core.package_identification:_identify(gazebo_models) by extension 'cmake'
[0.662s] Level 1:colcon.colcon_core.package_identification:_identify(gazebo_models) by extension 'python'
[0.662s] Level 1:colcon.colcon_core.package_identification:_identify(gazebo_models) by extensions ['python_setup_py']
[0.662s] Level 1:colcon.colcon_core.package_identification:_identify(gazebo_models) by extension 'python_setup_py'
[0.662s] Level 1:colcon.colcon_core.package_identification:_identify(install) by extensions ['ignore', 'ignore_ament_install']
[0.662s] Level 1:colcon.colcon_core.package_identification:_identify(install) by extension 'ignore'
[0.662s] Level 1:colcon.colcon_core.package_identification:_identify(install) ignored
[0.662s] Level 1:colcon.colcon_core.package_identification:_identify(log) by extensions ['ignore', 'ignore_ament_install']
[0.662s] Level 1:colcon.colcon_core.package_identification:_identify(log) by extension 'ignore'
[0.662s] Level 1:colcon.colcon_core.package_identification:_identify(log) ignored
[0.662s] Level 1:colcon.colcon_core.package_identification:_identify(rospy2) by extensions ['ignore', 'ignore_ament_install']
[0.662s] Level 1:colcon.colcon_core.package_identification:_identify(rospy2) by extension 'ignore'
[0.662s] Level 1:colcon.colcon_core.package_identification:_identify(rospy2) by extension 'ignore_ament_install'
[0.662s] Level 1:colcon.colcon_core.package_identification:_identify(rospy2) by extensions ['colcon_pkg']
[0.662s] Level 1:colcon.colcon_core.package_identification:_identify(rospy2) by extension 'colcon_pkg'
[0.662s] Level 1:colcon.colcon_core.package_identification:_identify(rospy2) by extensions ['colcon_meta']
[0.662s] Level 1:colcon.colcon_core.package_identification:_identify(rospy2) by extension 'colcon_meta'
[0.662s] Level 1:colcon.colcon_core.package_identification:_identify(rospy2) by extensions ['ros']
[0.662s] Level 1:colcon.colcon_core.package_identification:_identify(rospy2) by extension 'ros'
[0.663s] DEBUG:colcon.colcon_core.package_identification:Failed to parse potential ROS package manifest in'rospy2': The "maintainer" tag must have the attribute "email"
[0.663s] Level 1:colcon.colcon_core.package_identification:_identify(rospy2) by extensions ['cmake', 'python']
[0.663s] Level 1:colcon.colcon_core.package_identification:_identify(rospy2) by extension 'cmake'
[0.664s] Level 1:colcon.colcon_core.package_identification:_identify(rospy2) by extension 'python'
[0.664s] Level 1:colcon.colcon_core.package_identification:_identify(rospy2) by extensions ['python_setup_py']
[0.664s] Level 1:colcon.colcon_core.package_identification:_identify(rospy2) by extension 'python_setup_py'
[0.825s] DEBUG:colcon.colcon_core.package_identification:Package 'rospy2' with type 'python' and name 'rospy2'
[0.825s] Level 1:colcon.colcon_core.package_identification:_identify(src) by extensions ['ignore', 'ignore_ament_install']
[0.825s] Level 1:colcon.colcon_core.package_identification:_identify(src) by extension 'ignore'
[0.825s] Level 1:colcon.colcon_core.package_identification:_identify(src) by extension 'ignore_ament_install'
[0.825s] Level 1:colcon.colcon_core.package_identification:_identify(src) by extensions ['colcon_pkg']
[0.825s] Level 1:colcon.colcon_core.package_identification:_identify(src) by extension 'colcon_pkg'
[0.825s] Level 1:colcon.colcon_core.package_identification:_identify(src) by extensions ['colcon_meta']
[0.825s] Level 1:colcon.colcon_core.package_identification:_identify(src) by extension 'colcon_meta'
[0.825s] Level 1:colcon.colcon_core.package_identification:_identify(src) by extensions ['ros']
[0.825s] Level 1:colcon.colcon_core.package_identification:_identify(src) by extension 'ros'
[0.825s] Level 1:colcon.colcon_core.package_identification:_identify(src) by extensions ['cmake', 'python']
[0.825s] Level 1:colcon.colcon_core.package_identification:_identify(src) by extension 'cmake'
[0.825s] Level 1:colcon.colcon_core.package_identification:_identify(src) by extension 'python'
[0.825s] Level 1:colcon.colcon_core.package_identification:_identify(src) by extensions ['python_setup_py']
[0.825s] Level 1:colcon.colcon_core.package_identification:_identify(src) by extension 'python_setup_py'
[0.825s] Level 1:colcon.colcon_core.package_identification:_identify(src/articubot_one) by extensions ['ignore', 'ignore_ament_install']
[0.825s] Level 1:colcon.colcon_core.package_identification:_identify(src/articubot_one) by extension 'ignore'
[0.825s] Level 1:colcon.colcon_core.package_identification:_identify(src/articubot_one) by extension 'ignore_ament_install'
[0.825s] Level 1:colcon.colcon_core.package_identification:_identify(src/articubot_one) by extensions ['colcon_pkg']
[0.825s] Level 1:colcon.colcon_core.package_identification:_identify(src/articubot_one) by extension 'colcon_pkg'
[0.826s] Level 1:colcon.colcon_core.package_identification:_identify(src/articubot_one) by extensions ['colcon_meta']
[0.826s] Level 1:colcon.colcon_core.package_identification:_identify(src/articubot_one) by extension 'colcon_meta'
[0.826s] Level 1:colcon.colcon_core.package_identification:_identify(src/articubot_one) by extensions ['ros']
[0.826s] Level 1:colcon.colcon_core.package_identification:_identify(src/articubot_one) by extension 'ros'
[0.827s] DEBUG:colcon.colcon_core.package_identification:Package 'src/articubot_one' with type 'ros.ament_cmake' and name 'articubot_one'
[0.827s] Level 1:colcon.colcon_core.package_discovery:discover_packages(recursive) using defaults
[0.827s] Level 1:colcon.colcon_core.package_discovery:discover_packages(ignore) discover
[0.827s] Level 1:colcon.colcon_core.package_discovery:discover_packages(ignore) using defaults
[0.827s] Level 1:colcon.colcon_core.package_discovery:discover_packages(path) discover
[0.827s] Level 1:colcon.colcon_core.package_discovery:discover_packages(path) using defaults
[0.885s] Level 1:colcon.colcon_core.package_discovery:discover_packages(prefix_path) check parameters
[0.885s] Level 1:colcon.colcon_core.package_discovery:discover_packages(prefix_path) discover
[0.903s] DEBUG:colcon.colcon_installed_package_information.package_discovery:Found 2 installed packages in /home/krishna-vineeth/dev_ws/install
[0.912s] DEBUG:colcon.colcon_installed_package_information.package_discovery:Found 229 installed packages in /opt/ros/humble
[0.912s] Level 1:colcon.colcon_core.package_discovery:discover_packages(prefix_path) using defaults
[0.969s] Level 5:colcon.colcon_core.verb:set package 'articubot_one' build argument 'cmake_args' from command line to 'None'
[0.969s] Level 5:colcon.colcon_core.verb:set package 'articubot_one' build argument 'cmake_target' from command line to 'None'
[0.969s] Level 5:colcon.colcon_core.verb:set package 'articubot_one' build argument 'cmake_target_skip_unavailable' from command line to 'False'
[0.969s] Level 5:colcon.colcon_core.verb:set package 'articubot_one' build argument 'cmake_clean_cache' from command line to 'False'
[0.969s] Level 5:colcon.colcon_core.verb:set package 'articubot_one' build argument 'cmake_clean_first' from command line to 'False'
[0.969s] Level 5:colcon.colcon_core.verb:set package 'articubot_one' build argument 'cmake_force_configure' from command line to 'False'
[0.969s] Level 5:colcon.colcon_core.verb:set package 'articubot_one' build argument 'ament_cmake_args' from command line to 'None'
[0.969s] Level 5:colcon.colcon_core.verb:set package 'articubot_one' build argument 'catkin_cmake_args' from command line to 'None'
[0.969s] Level 5:colcon.colcon_core.verb:set package 'articubot_one' build argument 'catkin_skip_building_tests' from command line to 'False'
[0.969s] DEBUG:colcon.colcon_core.verb:Building package 'articubot_one' with the following arguments: {'ament_cmake_args': None, 'build_base': '/home/krishna-vineeth/dev_ws/build/articubot_one', 'catkin_cmake_args': None, 'catkin_skip_building_tests': False, 'cmake_args': None, 'cmake_clean_cache': False, 'cmake_clean_first': False, 'cmake_force_configure': False, 'cmake_target': None, 'cmake_target_skip_unavailable': False, 'install_base': '/home/krishna-vineeth/dev_ws/install/articubot_one', 'merge_install': False, 'path': '/home/krishna-vineeth/dev_ws/src/articubot_one', 'symlink_install': True, 'test_result_base': None}
[0.978s] Level 5:colcon.colcon_core.verb:set package 'rospy2' build argument 'cmake_args' from command line to 'None'
[0.978s] Level 5:colcon.colcon_core.verb:set package 'rospy2' build argument 'cmake_target' from command line to 'None'
[0.978s] Level 5:colcon.colcon_core.verb:set package 'rospy2' build argument 'cmake_target_skip_unavailable' from command line to 'False'
[0.978s] Level 5:colcon.colcon_core.verb:set package 'rospy2' build argument 'cmake_clean_cache' from command line to 'False'
[0.978s] Level 5:colcon.colcon_core.verb:set package 'rospy2' build argument 'cmake_clean_first' from command line to 'False'
[0.978s] Level 5:colcon.colcon_core.verb:set package 'rospy2' build argument 'cmake_force_configure' from command line to 'False'
[0.978s] Level 5:colcon.colcon_core.verb:set package 'rospy2' build argument 'ament_cmake_args' from command line to 'None'
[0.978s] Level 5:colcon.colcon_core.verb:set package 'rospy2' build argument 'catkin_cmake_args' from command line to 'None'
[0.978s] Level 5:colcon.colcon_core.verb:set package 'rospy2' build argument 'catkin_skip_building_tests' from command line to 'False'
[0.978s] DEBUG:colcon.colcon_core.verb:Building package 'rospy2' with the following arguments: {'ament_cmake_args': None, 'build_base': '/home/krishna-vineeth/dev_ws/build/rospy2', 'catkin_cmake_args': None, 'catkin_skip_building_tests': False, 'cmake_args': None, 'cmake_clean_cache': False, 'cmake_clean_first': False, 'cmake_force_configure': False, 'cmake_target': None, 'cmake_target_skip_unavailable': False, 'install_base': '/home/krishna-vineeth/dev_ws/install/rospy2', 'merge_install': False, 'path': '/home/krishna-vineeth/dev_ws/rospy2', 'symlink_install': True, 'test_result_base': None}
[0.987s] INFO:colcon.colcon_core.executor:Executing jobs using 'parallel' executor
[0.997s] DEBUG:colcon.colcon_parallel_executor.executor.parallel:run_until_complete
[0.997s] INFO:colcon.colcon_ros.task.ament_cmake.build:Building ROS package in '/home/krishna-vineeth/dev_ws/src/articubot_one' with build type 'ament_cmake'
[0.997s] INFO:colcon.colcon_cmake.task.cmake.build:Building CMake package in '/home/krishna-vineeth/dev_ws/src/articubot_one'
[1.008s] INFO:colcon.colcon_core.plugin_system:Skipping extension 'colcon_core.shell.bat': Not used on non-Windows systems
[1.008s] INFO:colcon.colcon_core.shell:Skip shell extension 'powershell' for command environment: Not usable outside of PowerShell
[1.008s] DEBUG:colcon.colcon_core.shell:Skip shell extension 'dsv' for command environment
[1.037s] INFO:colcon.colcon_core.task.python.build:Building Python package in '/home/krishna-vineeth/dev_ws/rospy2'
[1.048s] INFO:colcon.colcon_core.shell:Skip shell extension 'powershell' for command environment: Not usable outside of PowerShell
[1.048s] DEBUG:colcon.colcon_core.shell:Skip shell extension 'dsv' for command environment
[1.080s] DEBUG:colcon.colcon_core.event_handler.log_command:Invoking command in '/home/krishna-vineeth/dev_ws/build/articubot_one': CMAKE_PREFIX_PATH=${CMAKE_PREFIX_PATH}:/opt/ros/humble /usr/bin/cmake --build /home/krishna-vineeth/dev_ws/build/articubot_one -- -j8 -l8
[1.269s] DEBUG:colcon.colcon_core.event_handler.log_command:Invoked command in '/home/krishna-vineeth/dev_ws/build/articubot_one' returned '0': CMAKE_PREFIX_PATH=${CMAKE_PREFIX_PATH}:/opt/ros/humble /usr/bin/cmake --build /home/krishna-vineeth/dev_ws/build/articubot_one -- -j8 -l8
[1.295s] DEBUG:colcon.colcon_core.event_handler.log_command:Invoking command in '/home/krishna-vineeth/dev_ws/build/articubot_one': CMAKE_PREFIX_PATH=${CMAKE_PREFIX_PATH}:/opt/ros/humble /usr/bin/cmake --install /home/krishna-vineeth/dev_ws/build/articubot_one
[1.320s] Level 1:colcon.colcon_core.environment:create_environment_scripts_only(articubot_one)
[1.321s] DEBUG:colcon.colcon_core.event_handler.log_command:Invoked command in '/home/krishna-vineeth/dev_ws/build/articubot_one' returned '0': CMAKE_PREFIX_PATH=${CMAKE_PREFIX_PATH}:/opt/ros/humble /usr/bin/cmake --install /home/krishna-vineeth/dev_ws/build/articubot_one
[1.336s] Level 1:colcon.colcon_core.environment:checking '/home/krishna-vineeth/dev_ws/install/articubot_one' for CMake module files
[1.336s] Level 1:colcon.colcon_core.environment:checking '/home/krishna-vineeth/dev_ws/install/articubot_one' for CMake config files
[1.336s] Level 1:colcon.colcon_core.shell:create_environment_hook('articubot_one', 'cmake_prefix_path')
[1.351s] INFO:colcon.colcon_core.shell:Creating environment hook '/home/krishna-vineeth/dev_ws/install/articubot_one/share/articubot_one/hook/cmake_prefix_path.ps1'
[1.352s] INFO:colcon.colcon_core.shell:Creating environment descriptor '/home/krishna-vineeth/dev_ws/install/articubot_one/share/articubot_one/hook/cmake_prefix_path.dsv'
[1.352s] INFO:colcon.colcon_core.shell:Creating environment hook '/home/krishna-vineeth/dev_ws/install/articubot_one/share/articubot_one/hook/cmake_prefix_path.sh'
[1.353s] Level 1:colcon.colcon_core.environment:checking '/home/krishna-vineeth/dev_ws/install/articubot_one/bin'
[1.353s] Level 1:colcon.colcon_core.environment:checking '/home/krishna-vineeth/dev_ws/install/articubot_one/lib/pkgconfig/articubot_one.pc'
[1.353s] Level 1:colcon.colcon_core.environment:checking '/home/krishna-vineeth/dev_ws/install/articubot_one/lib/python3.10/site-packages'
[1.353s] Level 1:colcon.colcon_core.environment:checking '/home/krishna-vineeth/dev_ws/install/articubot_one/bin'
[1.365s] INFO:colcon.colcon_core.shell:Creating package script '/home/krishna-vineeth/dev_ws/install/articubot_one/share/articubot_one/package.ps1'
[1.366s] INFO:colcon.colcon_core.shell:Creating package descriptor '/home/krishna-vineeth/dev_ws/install/articubot_one/share/articubot_one/package.dsv'
[1.366s] INFO:colcon.colcon_core.shell:Creating package script '/home/krishna-vineeth/dev_ws/install/articubot_one/share/articubot_one/package.sh'
[1.367s] INFO:colcon.colcon_core.shell:Creating package script '/home/krishna-vineeth/dev_ws/install/articubot_one/share/articubot_one/package.bash'
[1.368s] INFO:colcon.colcon_core.shell:Creating package script '/home/krishna-vineeth/dev_ws/install/articubot_one/share/articubot_one/package.zsh'
[1.368s] Level 1:colcon.colcon_core.environment:create_file_with_runtime_dependencies(/home/krishna-vineeth/dev_ws/install/articubot_one/share/colcon-core/packages/articubot_one)
[1.394s] Level 1:colcon.colcon_core.environment:create_environment_scripts_only(articubot_one)
[1.405s] Level 1:colcon.colcon_core.environment:checking '/home/krishna-vineeth/dev_ws/install/articubot_one' for CMake module files
[1.405s] Level 1:colcon.colcon_core.environment:checking '/home/krishna-vineeth/dev_ws/install/articubot_one' for CMake config files
[1.405s] Level 1:colcon.colcon_core.shell:create_environment_hook('articubot_one', 'cmake_prefix_path')
[1.416s] INFO:colcon.colcon_core.shell:Creating environment hook '/home/krishna-vineeth/dev_ws/install/articubot_one/share/articubot_one/hook/cmake_prefix_path.ps1'
[1.416s] INFO:colcon.colcon_core.shell:Creating environment descriptor '/home/krishna-vineeth/dev_ws/install/articubot_one/share/articubot_one/hook/cmake_prefix_path.dsv'
[1.416s] INFO:colcon.colcon_core.shell:Creating environment hook '/home/krishna-vineeth/dev_ws/install/articubot_one/share/articubot_one/hook/cmake_prefix_path.sh'
[1.417s] Level 1:colcon.colcon_core.environment:checking '/home/krishna-vineeth/dev_ws/install/articubot_one/bin'
[1.417s] Level 1:colcon.colcon_core.environment:checking '/home/krishna-vineeth/dev_ws/install/articubot_one/lib/pkgconfig/articubot_one.pc'
[1.417s] Level 1:colcon.colcon_core.environment:checking '/home/krishna-vineeth/dev_ws/install/articubot_one/lib/python3.10/site-packages'
[1.417s] Level 1:colcon.colcon_core.environment:checking '/home/krishna-vineeth/dev_ws/install/articubot_one/bin'
[1.427s] INFO:colcon.colcon_core.shell:Creating package script '/home/krishna-vineeth/dev_ws/install/articubot_one/share/articubot_one/package.ps1'
[1.428s] INFO:colcon.colcon_core.shell:Creating package descriptor '/home/krishna-vineeth/dev_ws/install/articubot_one/share/articubot_one/package.dsv'
[1.428s] INFO:colcon.colcon_core.shell:Creating package script '/home/krishna-vineeth/dev_ws/install/articubot_one/share/articubot_one/package.sh'
[1.428s] INFO:colcon.colcon_core.shell:Creating package script '/home/krishna-vineeth/dev_ws/install/articubot_one/share/articubot_one/package.bash'
[1.429s] INFO:colcon.colcon_core.shell:Creating package script '/home/krishna-vineeth/dev_ws/install/articubot_one/share/articubot_one/package.zsh'
[1.429s] Level 1:colcon.colcon_core.environment:create_file_with_runtime_dependencies(/home/krishna-vineeth/dev_ws/install/articubot_one/share/colcon-core/packages/articubot_one)
[1.561s] DEBUG:colcon.colcon_core.event_handler.log_command:Invoking command in '/home/krishna-vineeth/dev_ws/build/rospy2': PYTHONPATH=/home/krishna-vineeth/dev_ws/build/rospy2/prefix_override:/home/krishna-vineeth/dev_ws/install/rospy2/lib/python3.10/site-packages:${PYTHONPATH} /usr/bin/python3 setup.py develop --editable --build-directory /home/krishna-vineeth/dev_ws/build/rospy2/build --no-deps
[1.853s] Level 1:colcon.colcon_core.shell:create_environment_hook('rospy2', 'pythonpath_develop')
[1.853s] DEBUG:colcon.colcon_core.event_handler.log_command:Invoked command in '/home/krishna-vineeth/dev_ws/build/rospy2' returned '0': PYTHONPATH=/home/krishna-vineeth/dev_ws/build/rospy2/prefix_override:/home/krishna-vineeth/dev_ws/install/rospy2/lib/python3.10/site-packages:${PYTHONPATH} /usr/bin/python3 setup.py develop --editable --build-directory /home/krishna-vineeth/dev_ws/build/rospy2/build --no-deps
[1.862s] INFO:colcon.colcon_core.shell:Creating environment hook '/home/krishna-vineeth/dev_ws/build/rospy2/share/rospy2/hook/pythonpath_develop.ps1'
[1.862s] INFO:colcon.colcon_core.shell:Creating environment descriptor '/home/krishna-vineeth/dev_ws/build/rospy2/share/rospy2/hook/pythonpath_develop.dsv'
[1.863s] INFO:colcon.colcon_core.shell:Creating environment hook '/home/krishna-vineeth/dev_ws/build/rospy2/share/rospy2/hook/pythonpath_develop.sh'
[1.872s] Level 1:colcon.colcon_core.environment:checking '/home/krishna-vineeth/dev_ws/install/rospy2' for CMake module files
[1.872s] Level 1:colcon.colcon_core.environment:checking '/home/krishna-vineeth/dev_ws/install/rospy2' for CMake config files
[1.872s] Level 1:colcon.colcon_core.environment:checking '/home/krishna-vineeth/dev_ws/install/rospy2/lib'
[1.872s] Level 1:colcon.colcon_core.environment:checking '/home/krishna-vineeth/dev_ws/install/rospy2/bin'
[1.872s] Level 1:colcon.colcon_core.environment:checking '/home/krishna-vineeth/dev_ws/install/rospy2/lib/pkgconfig/rospy2.pc'
[1.873s] Level 1:colcon.colcon_core.environment:checking '/home/krishna-vineeth/dev_ws/install/rospy2/lib/python3.10/site-packages'
[1.873s] Level 1:colcon.colcon_core.shell:create_environment_hook('rospy2', 'pythonpath')
[1.881s] INFO:colcon.colcon_core.shell:Creating environment hook '/home/krishna-vineeth/dev_ws/install/rospy2/share/rospy2/hook/pythonpath.ps1'
[1.882s] INFO:colcon.colcon_core.shell:Creating environment descriptor '/home/krishna-vineeth/dev_ws/install/rospy2/share/rospy2/hook/pythonpath.dsv'
[1.882s] INFO:colcon.colcon_core.shell:Creating environment hook '/home/krishna-vineeth/dev_ws/install/rospy2/share/rospy2/hook/pythonpath.sh'
[1.882s] Level 1:colcon.colcon_core.environment:checking '/home/krishna-vineeth/dev_ws/install/rospy2/bin'
[1.882s] Level 1:colcon.colcon_core.environment:create_environment_scripts_only(rospy2)
[1.891s] INFO:colcon.colcon_core.shell:Creating package script '/home/krishna-vineeth/dev_ws/install/rospy2/share/rospy2/package.ps1'
[1.891s] INFO:colcon.colcon_core.shell:Creating package descriptor '/home/krishna-vineeth/dev_ws/install/rospy2/share/rospy2/package.dsv'
[1.892s] INFO:colcon.colcon_core.shell:Creating package script '/home/krishna-vineeth/dev_ws/install/rospy2/share/rospy2/package.sh'
[1.892s] INFO:colcon.colcon_core.shell:Creating package script '/home/krishna-vineeth/dev_ws/install/rospy2/share/rospy2/package.bash'
[1.892s] INFO:colcon.colcon_core.shell:Creating package script '/home/krishna-vineeth/dev_ws/install/rospy2/share/rospy2/package.zsh'
[1.892s] Level 1:colcon.colcon_core.environment:create_file_with_runtime_dependencies(/home/krishna-vineeth/dev_ws/install/rospy2/share/colcon-core/packages/rospy2)
[1.892s] DEBUG:colcon.colcon_parallel_executor.executor.parallel:closing loop
[1.893s] DEBUG:colcon.colcon_parallel_executor.executor.parallel:loop closed
[1.893s] DEBUG:colcon.colcon_parallel_executor.executor.parallel:run_until_complete finished with '0'
[1.893s] DEBUG:colcon.colcon_core.event_reactor:joining thread
[1.906s] INFO:colcon.colcon_core.plugin_system:Skipping extension 'colcon_notification.desktop_notification.terminal_notifier': Not used on non-Darwin systems
[1.906s] INFO:colcon.colcon_core.plugin_system:Skipping extension 'colcon_notification.desktop_notification.win32': Not used on non-Windows systems
[1.906s] INFO:colcon.colcon_notification.desktop_notification:Sending desktop notification using 'notify2'
[1.914s] DEBUG:colcon.colcon_core.event_reactor:joined thread
[1.924s] INFO:colcon.colcon_core.shell:Creating prefix script '/home/krishna-vineeth/dev_ws/install/local_setup.ps1'
[1.925s] INFO:colcon.colcon_core.shell:Creating prefix util module '/home/krishna-vineeth/dev_ws/install/_local_setup_util_ps1.py'
[1.926s] INFO:colcon.colcon_core.shell:Creating prefix chain script '/home/krishna-vineeth/dev_ws/install/setup.ps1'
[1.936s] INFO:colcon.colcon_core.shell:Creating prefix script '/home/krishna-vineeth/dev_ws/install/local_setup.sh'
[1.936s] INFO:colcon.colcon_core.shell:Creating prefix util module '/home/krishna-vineeth/dev_ws/install/_local_setup_util_sh.py'
[1.936s] INFO:colcon.colcon_core.shell:Creating prefix chain script '/home/krishna-vineeth/dev_ws/install/setup.sh'
[1.946s] INFO:colcon.colcon_core.shell:Creating prefix script '/home/krishna-vineeth/dev_ws/install/local_setup.bash'
[1.946s] INFO:colcon.colcon_core.shell:Creating prefix chain script '/home/krishna-vineeth/dev_ws/install/setup.bash'
[1.956s] INFO:colcon.colcon_core.shell:Creating prefix script '/home/krishna-vineeth/dev_ws/install/local_setup.zsh'
[1.956s] INFO:colcon.colcon_core.shell:Creating prefix chain script '/home/krishna-vineeth/dev_ws/install/setup.zsh'
