-- Found ament_cmake: 1.3.5 (/opt/ros/humble/share/ament_cmake/cmake)
-- Override CMake install command with custom implementation using symlinks instead of copying resources
-- Found ament_lint_auto: 0.12.8 (/opt/ros/humble/share/ament_lint_auto/cmake)
-- Added test 'copyright' to check source files copyright and LICENSE
-- Added test 'flake8' to check Python code syntax and style conventions
-- Added test 'lint_cmake' to check CMake code style
-- Added test 'pep257' to check Python code against some of the docstring style conventions in PEP 257
-- Added test 'xmllint' to check XML markup files
-- Configuring done
-- Generating done
-- Build files have been written to: /home/krishna-vineeth/dev_ws/build/articubot_one
-- Install configuration: ""
-- Execute custom install script
-- Up-to-date symlink: /home/krishna-vineeth/dev_ws/install/articubot_one/share/articubot_one/config/drive_bot.rviz
-- Up-to-date symlink: /home/krishna-vineeth/dev_ws/install/articubot_one/share/articubot_one/config/empty.yaml
-- Up-to-date symlink: /home/krishna-vineeth/dev_ws/install/articubot_one/share/articubot_one/config/new_bot.rviz
-- Up-to-date symlink: /home/krishna-vineeth/dev_ws/install/articubot_one/share/articubot_one/config/view_bot.rviz
-- Up-to-date symlink: /home/krishna-vineeth/dev_ws/install/articubot_one/share/articubot_one/description/camera.xacro
-- Up-to-date symlink: /home/krishna-vineeth/dev_ws/install/articubot_one/share/articubot_one/description/gazebo_control.xacro
-- Up-to-date symlink: /home/krishna-vineeth/dev_ws/install/articubot_one/share/articubot_one/description/inertial_macros.xacro
-- Up-to-date symlink: /home/krishna-vineeth/dev_ws/install/articubot_one/share/articubot_one/description/lidar.xacro
-- Up-to-date symlink: /home/krishna-vineeth/dev_ws/install/articubot_one/share/articubot_one/description/robot.urdf.xacro
-- Up-to-date symlink: /home/krishna-vineeth/dev_ws/install/articubot_one/share/articubot_one/description/robot_core.xacro
-- Up-to-date symlink: /home/krishna-vineeth/dev_ws/install/articubot_one/share/articubot_one/launch/launch_sim.launch.py
-- Up-to-date symlink: /home/krishna-vineeth/dev_ws/install/articubot_one/share/articubot_one/launch/rsp.launch.py
-- Symlinking: /home/krishna-vineeth/dev_ws/install/articubot_one/share/articubot_one/worlds/agriculture.world
-- Symlinking: /home/krishna-vineeth/dev_ws/install/articubot_one/share/articubot_one/worlds/azcar.world
-- Symlinking: /home/krishna-vineeth/dev_ws/install/articubot_one/share/articubot_one/worlds/barrels.world
-- Symlinking: /home/krishna-vineeth/dev_ws/install/articubot_one/share/articubot_one/worlds/canyonview_field.world
-- Symlinking: /home/krishna-vineeth/dev_ws/install/articubot_one/share/articubot_one/worlds/cars-and-pathway.world
-- Symlinking: /home/krishna-vineeth/dev_ws/install/articubot_one/share/articubot_one/worlds/city_osm_roundabout.world
-- Symlinking: /home/krishna-vineeth/dev_ws/install/articubot_one/share/articubot_one/worlds/city_osm_roundabout_combined.world
-- Symlinking: /home/krishna-vineeth/dev_ws/install/articubot_one/share/articubot_one/worlds/cyberzoo.world
-- Symlinking: /home/krishna-vineeth/dev_ws/install/articubot_one/share/articubot_one/worlds/cyberzoo2019_orange_poles.world
-- Symlinking: /home/krishna-vineeth/dev_ws/install/articubot_one/share/articubot_one/worlds/cyberzoo2019_orange_poles_panels.world
-- Symlinking: /home/krishna-vineeth/dev_ws/install/articubot_one/share/articubot_one/worlds/cyberzoo2019_orange_poles_panels_mats.world
-- Symlinking: /home/krishna-vineeth/dev_ws/install/articubot_one/share/articubot_one/worlds/cyberzoo2019_ralphthesis2020.world
-- Symlinking: /home/krishna-vineeth/dev_ws/install/articubot_one/share/articubot_one/worlds/cyberzoo_4_panels.world
-- Symlinking: /home/krishna-vineeth/dev_ws/install/articubot_one/share/articubot_one/worlds/cyberzoo_orange_poles.world
-- Symlinking: /home/krishna-vineeth/dev_ws/install/articubot_one/share/articubot_one/worlds/cyberzoo_panel.world
-- Symlinking: /home/krishna-vineeth/dev_ws/install/articubot_one/share/articubot_one/worlds/drone_race_track_2018_actual.world
-- Symlinking: /home/krishna-vineeth/dev_ws/install/articubot_one/share/articubot_one/worlds/drone_race_track_2018_actual_with_gatepapers.world
-- Up-to-date symlink: /home/krishna-vineeth/dev_ws/install/articubot_one/share/articubot_one/worlds/empty.world
-- Symlinking: /home/krishna-vineeth/dev_ws/install/articubot_one/share/articubot_one/worlds/empty_aerial_manipulation.world
-- Symlinking: /home/krishna-vineeth/dev_ws/install/articubot_one/share/articubot_one/worlds/fetchit_challenge_arena_montreal2019.world
-- Symlinking: /home/krishna-vineeth/dev_ws/install/articubot_one/share/articubot_one/worlds/fetchit_challenge_arena_montreal2019_highlights.world
-- Symlinking: /home/krishna-vineeth/dev_ws/install/articubot_one/share/articubot_one/worlds/fetchit_challenge_arena_montreal2019_onlylights.world
-- Symlinking: /home/krishna-vineeth/dev_ws/install/articubot_one/share/articubot_one/worlds/fetchit_challenge_assembly.world
-- Symlinking: /home/krishna-vineeth/dev_ws/install/articubot_one/share/articubot_one/worlds/fetchit_challenge_atrezzo.world
-- Symlinking: /home/krishna-vineeth/dev_ws/install/articubot_one/share/articubot_one/worlds/fetchit_challenge_simple.world
-- Symlinking: /home/krishna-vineeth/dev_ws/install/articubot_one/share/articubot_one/worlds/fetchit_challenge_simple_highlights.world
-- Symlinking: /home/krishna-vineeth/dev_ws/install/articubot_one/share/articubot_one/worlds/fetchit_challenge_tests.world
-- Symlinking: /home/krishna-vineeth/dev_ws/install/articubot_one/share/articubot_one/worlds/fetchit_challenge_tests_lowlights.world
-- Symlinking: /home/krishna-vineeth/dev_ws/install/articubot_one/share/articubot_one/worlds/hemicyl.world
-- Symlinking: /home/krishna-vineeth/dev_ws/install/articubot_one/share/articubot_one/worlds/house.world
-- Symlinking: /home/krishna-vineeth/dev_ws/install/articubot_one/share/articubot_one/worlds/inspection.world
-- Symlinking: /home/krishna-vineeth/dev_ws/install/articubot_one/share/articubot_one/worlds/neighborhood.world
-- Up-to-date symlink: /home/krishna-vineeth/dev_ws/install/articubot_one/share/articubot_one/worlds/obstacles.world
-- Symlinking: /home/krishna-vineeth/dev_ws/install/articubot_one/share/articubot_one/worlds/office_cpr.world
-- Symlinking: /home/krishna-vineeth/dev_ws/install/articubot_one/share/articubot_one/worlds/office_cpr_construction.world
-- Symlinking: /home/krishna-vineeth/dev_ws/install/articubot_one/share/articubot_one/worlds/office_earthquake.world
-- Symlinking: /home/krishna-vineeth/dev_ws/install/articubot_one/share/articubot_one/worlds/office_env_large.world
-- Symlinking: /home/krishna-vineeth/dev_ws/install/articubot_one/share/articubot_one/worlds/office_small.world
-- Symlinking: /home/krishna-vineeth/dev_ws/install/articubot_one/share/articubot_one/worlds/outdoor.world
-- Symlinking: /home/krishna-vineeth/dev_ws/install/articubot_one/share/articubot_one/worlds/powerplant.world
-- Symlinking: /home/krishna-vineeth/dev_ws/install/articubot_one/share/articubot_one/worlds/rubble.world
-- Symlinking: /home/krishna-vineeth/dev_ws/install/articubot_one/share/articubot_one/worlds/simple_env_1.world
-- Symlinking: /home/krishna-vineeth/dev_ws/install/articubot_one/share/articubot_one/worlds/simple_env_2.world
-- Symlinking: /home/krishna-vineeth/dev_ws/install/articubot_one/share/articubot_one/worlds/simple_env_3.world
-- Symlinking: /home/krishna-vineeth/dev_ws/install/articubot_one/share/articubot_one/worlds/skidpan.world
-- Symlinking: /home/krishna-vineeth/dev_ws/install/articubot_one/share/articubot_one/worlds/small_city.world
-- Symlinking: /home/krishna-vineeth/dev_ws/install/articubot_one/share/articubot_one/worlds/terrain-world.world
-- Symlinking: /home/krishna-vineeth/dev_ws/install/articubot_one/share/articubot_one/worlds/test_city.world
-- Symlinking: /home/krishna-vineeth/dev_ws/install/articubot_one/share/articubot_one/worlds/test_zone.world
-- Symlinking: /home/krishna-vineeth/dev_ws/install/articubot_one/share/articubot_one/worlds/wall_aerial_manipulation.world
-- Symlinking: /home/krishna-vineeth/dev_ws/install/articubot_one/share/articubot_one/worlds/warehouse.world
-- Symlinking: /home/krishna-vineeth/dev_ws/install/articubot_one/share/articubot_one/worlds/waypoint.world
-- Symlinking: /home/krishna-vineeth/dev_ws/install/articubot_one/share/articubot_one/worlds/workshop_example.world
-- Symlinking: /home/krishna-vineeth/dev_ws/install/articubot_one/share/articubot_one/worlds/yosemite.world
-- Up-to-date symlink: /home/krishna-vineeth/dev_ws/install/articubot_one/share/ament_index/resource_index/package_run_dependencies/articubot_one
-- Up-to-date symlink: /home/krishna-vineeth/dev_ws/install/articubot_one/share/ament_index/resource_index/parent_prefix_path/articubot_one
-- Up-to-date symlink: /home/krishna-vineeth/dev_ws/install/articubot_one/share/articubot_one/environment/ament_prefix_path.sh
-- Up-to-date symlink: /home/krishna-vineeth/dev_ws/install/articubot_one/share/articubot_one/environment/ament_prefix_path.dsv
-- Up-to-date symlink: /home/krishna-vineeth/dev_ws/install/articubot_one/share/articubot_one/environment/path.sh
-- Up-to-date symlink: /home/krishna-vineeth/dev_ws/install/articubot_one/share/articubot_one/environment/path.dsv
-- Up-to-date symlink: /home/krishna-vineeth/dev_ws/install/articubot_one/share/articubot_one/local_setup.bash
-- Up-to-date symlink: /home/krishna-vineeth/dev_ws/install/articubot_one/share/articubot_one/local_setup.sh
-- Up-to-date symlink: /home/krishna-vineeth/dev_ws/install/articubot_one/share/articubot_one/local_setup.zsh
-- Up-to-date symlink: /home/krishna-vineeth/dev_ws/install/articubot_one/share/articubot_one/local_setup.dsv
-- Symlinking: /home/krishna-vineeth/dev_ws/install/articubot_one/share/articubot_one/package.dsv
-- Up-to-date symlink: /home/krishna-vineeth/dev_ws/install/articubot_one/share/ament_index/resource_index/packages/articubot_one
-- Up-to-date symlink: /home/krishna-vineeth/dev_ws/install/articubot_one/share/articubot_one/cmake/articubot_oneConfig.cmake
-- Up-to-date symlink: /home/krishna-vineeth/dev_ws/install/articubot_one/share/articubot_one/cmake/articubot_oneConfig-version.cmake
-- Up-to-date symlink: /home/krishna-vineeth/dev_ws/install/articubot_one/share/articubot_one/package.xml
