[0.091s] Invoking command in '/home/krishna-vineeth/dev_ws/build/articubot_one': CMAKE_PREFIX_PATH=${CMAKE_PREFIX_PATH}:/opt/ros/humble /usr/bin/cmake --build /home/krishna-vineeth/dev_ws/build/articubot_one -- -j8 -l8
[0.155s] -- Found ament_cmake: 1.3.5 (/opt/ros/humble/share/ament_cmake/cmake)
[0.282s] -- Override CMake install command with custom implementation using symlinks instead of copying resources
[0.298s] -- Found ament_lint_auto: 0.12.8 (/opt/ros/humble/share/ament_lint_auto/cmake)
[0.382s] -- Added test 'copyright' to check source files copyright and LICENSE
[0.600s] -- Added test 'flake8' to check Python code syntax and style conventions
[0.622s] -- Added test 'lint_cmake' to check CMake code style
[0.634s] -- Added test 'pep257' to check Python code against some of the docstring style conventions in PEP 257
[0.746s] -- Added test 'xmllint' to check XML markup files
[0.748s] -- Configuring done
[0.753s] -- Generating done
[0.754s] -- Build files have been written to: /home/krishna-vineeth/dev_ws/build/articubot_one
[0.777s] Invoked command in '/home/krishna-vineeth/dev_ws/build/articubot_one' returned '0': CMAKE_PREFIX_PATH=${CMAKE_PREFIX_PATH}:/opt/ros/humble /usr/bin/cmake --build /home/krishna-vineeth/dev_ws/build/articubot_one -- -j8 -l8
[0.805s] Invoking command in '/home/krishna-vineeth/dev_ws/build/articubot_one': CMAKE_PREFIX_PATH=${CMAKE_PREFIX_PATH}:/opt/ros/humble /usr/bin/cmake --install /home/krishna-vineeth/dev_ws/build/articubot_one
[0.812s] -- Install configuration: ""
[0.812s] -- Execute custom install script
[0.813s] -- Up-to-date symlink: /home/krishna-vineeth/dev_ws/install/articubot_one/share/articubot_one/config/drive_bot.rviz
[0.813s] -- Up-to-date symlink: /home/krishna-vineeth/dev_ws/install/articubot_one/share/articubot_one/config/empty.yaml
[0.813s] -- Up-to-date symlink: /home/krishna-vineeth/dev_ws/install/articubot_one/share/articubot_one/config/new_bot.rviz
[0.813s] -- Up-to-date symlink: /home/krishna-vineeth/dev_ws/install/articubot_one/share/articubot_one/config/view_bot.rviz
[0.813s] -- Up-to-date symlink: /home/krishna-vineeth/dev_ws/install/articubot_one/share/articubot_one/description/camera.xacro
[0.814s] -- Up-to-date symlink: /home/krishna-vineeth/dev_ws/install/articubot_one/share/articubot_one/description/gazebo_control.xacro
[0.814s] -- Up-to-date symlink: /home/krishna-vineeth/dev_ws/install/articubot_one/share/articubot_one/description/inertial_macros.xacro
[0.814s] -- Up-to-date symlink: /home/krishna-vineeth/dev_ws/install/articubot_one/share/articubot_one/description/lidar.xacro
[0.814s] -- Up-to-date symlink: /home/krishna-vineeth/dev_ws/install/articubot_one/share/articubot_one/description/robot.urdf.xacro
[0.814s] -- Up-to-date symlink: /home/krishna-vineeth/dev_ws/install/articubot_one/share/articubot_one/description/robot_core.xacro
[0.814s] -- Up-to-date symlink: /home/krishna-vineeth/dev_ws/install/articubot_one/share/articubot_one/launch/launch_sim.launch.py
[0.815s] -- Up-to-date symlink: /home/krishna-vineeth/dev_ws/install/articubot_one/share/articubot_one/launch/rsp.launch.py
[0.815s] -- Symlinking: /home/krishna-vineeth/dev_ws/install/articubot_one/share/articubot_one/worlds/agriculture.world
[0.824s] -- Symlinking: /home/krishna-vineeth/dev_ws/install/articubot_one/share/articubot_one/worlds/azcar.world
[0.833s] -- Symlinking: /home/krishna-vineeth/dev_ws/install/articubot_one/share/articubot_one/worlds/barrels.world
[0.842s] -- Symlinking: /home/krishna-vineeth/dev_ws/install/articubot_one/share/articubot_one/worlds/canyonview_field.world
[0.849s] -- Symlinking: /home/krishna-vineeth/dev_ws/install/articubot_one/share/articubot_one/worlds/cars-and-pathway.world
[0.857s] -- Symlinking: /home/krishna-vineeth/dev_ws/install/articubot_one/share/articubot_one/worlds/city_osm_roundabout.world
[0.865s] -- Symlinking: /home/krishna-vineeth/dev_ws/install/articubot_one/share/articubot_one/worlds/city_osm_roundabout_combined.world
[0.873s] -- Symlinking: /home/krishna-vineeth/dev_ws/install/articubot_one/share/articubot_one/worlds/cyberzoo.world
[0.880s] -- Symlinking: /home/krishna-vineeth/dev_ws/install/articubot_one/share/articubot_one/worlds/cyberzoo2019_orange_poles.world
[0.889s] -- Symlinking: /home/krishna-vineeth/dev_ws/install/articubot_one/share/articubot_one/worlds/cyberzoo2019_orange_poles_panels.world
[0.900s] -- Symlinking: /home/krishna-vineeth/dev_ws/install/articubot_one/share/articubot_one/worlds/cyberzoo2019_orange_poles_panels_mats.world
[0.908s] -- Symlinking: /home/krishna-vineeth/dev_ws/install/articubot_one/share/articubot_one/worlds/cyberzoo2019_ralphthesis2020.world
[0.915s] -- Symlinking: /home/krishna-vineeth/dev_ws/install/articubot_one/share/articubot_one/worlds/cyberzoo_4_panels.world
[0.922s] -- Symlinking: /home/krishna-vineeth/dev_ws/install/articubot_one/share/articubot_one/worlds/cyberzoo_orange_poles.world
[0.929s] -- Symlinking: /home/krishna-vineeth/dev_ws/install/articubot_one/share/articubot_one/worlds/cyberzoo_panel.world
[0.937s] -- Symlinking: /home/krishna-vineeth/dev_ws/install/articubot_one/share/articubot_one/worlds/drone_race_track_2018_actual.world
[0.944s] -- Symlinking: /home/krishna-vineeth/dev_ws/install/articubot_one/share/articubot_one/worlds/drone_race_track_2018_actual_with_gatepapers.world
[0.951s] -- Up-to-date symlink: /home/krishna-vineeth/dev_ws/install/articubot_one/share/articubot_one/worlds/empty.world
[0.951s] -- Symlinking: /home/krishna-vineeth/dev_ws/install/articubot_one/share/articubot_one/worlds/empty_aerial_manipulation.world
[0.958s] -- Symlinking: /home/krishna-vineeth/dev_ws/install/articubot_one/share/articubot_one/worlds/fetchit_challenge_arena_montreal2019.world
[0.964s] -- Symlinking: /home/krishna-vineeth/dev_ws/install/articubot_one/share/articubot_one/worlds/fetchit_challenge_arena_montreal2019_highlights.world
[0.971s] -- Symlinking: /home/krishna-vineeth/dev_ws/install/articubot_one/share/articubot_one/worlds/fetchit_challenge_arena_montreal2019_onlylights.world
[0.978s] -- Symlinking: /home/krishna-vineeth/dev_ws/install/articubot_one/share/articubot_one/worlds/fetchit_challenge_assembly.world
[0.985s] -- Symlinking: /home/krishna-vineeth/dev_ws/install/articubot_one/share/articubot_one/worlds/fetchit_challenge_atrezzo.world
[0.991s] -- Symlinking: /home/krishna-vineeth/dev_ws/install/articubot_one/share/articubot_one/worlds/fetchit_challenge_simple.world
[0.998s] -- Symlinking: /home/krishna-vineeth/dev_ws/install/articubot_one/share/articubot_one/worlds/fetchit_challenge_simple_highlights.world
[1.006s] -- Symlinking: /home/krishna-vineeth/dev_ws/install/articubot_one/share/articubot_one/worlds/fetchit_challenge_tests.world
[1.012s] -- Symlinking: /home/krishna-vineeth/dev_ws/install/articubot_one/share/articubot_one/worlds/fetchit_challenge_tests_lowlights.world
[1.019s] -- Symlinking: /home/krishna-vineeth/dev_ws/install/articubot_one/share/articubot_one/worlds/hemicyl.world
[1.026s] -- Symlinking: /home/krishna-vineeth/dev_ws/install/articubot_one/share/articubot_one/worlds/house.world
[1.033s] -- Symlinking: /home/krishna-vineeth/dev_ws/install/articubot_one/share/articubot_one/worlds/inspection.world
[1.040s] -- Symlinking: /home/krishna-vineeth/dev_ws/install/articubot_one/share/articubot_one/worlds/neighborhood.world
[1.047s] -- Up-to-date symlink: /home/krishna-vineeth/dev_ws/install/articubot_one/share/articubot_one/worlds/obstacles.world
[1.047s] -- Symlinking: /home/krishna-vineeth/dev_ws/install/articubot_one/share/articubot_one/worlds/office_cpr.world
[1.054s] -- Symlinking: /home/krishna-vineeth/dev_ws/install/articubot_one/share/articubot_one/worlds/office_cpr_construction.world
[1.061s] -- Symlinking: /home/krishna-vineeth/dev_ws/install/articubot_one/share/articubot_one/worlds/office_earthquake.world
[1.069s] -- Symlinking: /home/krishna-vineeth/dev_ws/install/articubot_one/share/articubot_one/worlds/office_env_large.world
[1.076s] -- Symlinking: /home/krishna-vineeth/dev_ws/install/articubot_one/share/articubot_one/worlds/office_small.world
[1.083s] -- Symlinking: /home/krishna-vineeth/dev_ws/install/articubot_one/share/articubot_one/worlds/outdoor.world
[1.090s] -- Symlinking: /home/krishna-vineeth/dev_ws/install/articubot_one/share/articubot_one/worlds/powerplant.world
[1.097s] -- Symlinking: /home/krishna-vineeth/dev_ws/install/articubot_one/share/articubot_one/worlds/rubble.world
[1.104s] -- Symlinking: /home/krishna-vineeth/dev_ws/install/articubot_one/share/articubot_one/worlds/simple_env_1.world
[1.110s] -- Symlinking: /home/krishna-vineeth/dev_ws/install/articubot_one/share/articubot_one/worlds/simple_env_2.world
[1.117s] -- Symlinking: /home/krishna-vineeth/dev_ws/install/articubot_one/share/articubot_one/worlds/simple_env_3.world
[1.124s] -- Symlinking: /home/krishna-vineeth/dev_ws/install/articubot_one/share/articubot_one/worlds/skidpan.world
[1.132s] -- Symlinking: /home/krishna-vineeth/dev_ws/install/articubot_one/share/articubot_one/worlds/small_city.world
[1.138s] -- Symlinking: /home/krishna-vineeth/dev_ws/install/articubot_one/share/articubot_one/worlds/terrain-world.world
[1.145s] -- Symlinking: /home/krishna-vineeth/dev_ws/install/articubot_one/share/articubot_one/worlds/test_city.world
[1.152s] -- Symlinking: /home/krishna-vineeth/dev_ws/install/articubot_one/share/articubot_one/worlds/test_zone.world
[1.158s] -- Symlinking: /home/krishna-vineeth/dev_ws/install/articubot_one/share/articubot_one/worlds/wall_aerial_manipulation.world
[1.165s] -- Symlinking: /home/krishna-vineeth/dev_ws/install/articubot_one/share/articubot_one/worlds/warehouse.world
[1.171s] -- Symlinking: /home/krishna-vineeth/dev_ws/install/articubot_one/share/articubot_one/worlds/waypoint.world
[1.177s] -- Symlinking: /home/krishna-vineeth/dev_ws/install/articubot_one/share/articubot_one/worlds/workshop_example.world
[1.183s] -- Symlinking: /home/krishna-vineeth/dev_ws/install/articubot_one/share/articubot_one/worlds/yosemite.world
[1.189s] -- Up-to-date symlink: /home/krishna-vineeth/dev_ws/install/articubot_one/share/ament_index/resource_index/package_run_dependencies/articubot_one
[1.190s] -- Up-to-date symlink: /home/krishna-vineeth/dev_ws/install/articubot_one/share/ament_index/resource_index/parent_prefix_path/articubot_one
[1.190s] -- Up-to-date symlink: /home/krishna-vineeth/dev_ws/install/articubot_one/share/articubot_one/environment/ament_prefix_path.sh
[1.190s] -- Up-to-date symlink: /home/krishna-vineeth/dev_ws/install/articubot_one/share/articubot_one/environment/ament_prefix_path.dsv
[1.190s] -- Up-to-date symlink: /home/krishna-vineeth/dev_ws/install/articubot_one/share/articubot_one/environment/path.sh
[1.190s] -- Up-to-date symlink: /home/krishna-vineeth/dev_ws/install/articubot_one/share/articubot_one/environment/path.dsv
[1.190s] -- Up-to-date symlink: /home/krishna-vineeth/dev_ws/install/articubot_one/share/articubot_one/local_setup.bash
[1.190s] -- Up-to-date symlink: /home/krishna-vineeth/dev_ws/install/articubot_one/share/articubot_one/local_setup.sh
[1.190s] -- Up-to-date symlink: /home/krishna-vineeth/dev_ws/install/articubot_one/share/articubot_one/local_setup.zsh
[1.190s] -- Up-to-date symlink: /home/krishna-vineeth/dev_ws/install/articubot_one/share/articubot_one/local_setup.dsv
[1.191s] -- Symlinking: /home/krishna-vineeth/dev_ws/install/articubot_one/share/articubot_one/package.dsv
[1.197s] -- Up-to-date symlink: /home/krishna-vineeth/dev_ws/install/articubot_one/share/ament_index/resource_index/packages/articubot_one
[1.197s] -- Up-to-date symlink: /home/krishna-vineeth/dev_ws/install/articubot_one/share/articubot_one/cmake/articubot_oneConfig.cmake
[1.197s] -- Up-to-date symlink: /home/krishna-vineeth/dev_ws/install/articubot_one/share/articubot_one/cmake/articubot_oneConfig-version.cmake
[1.197s] -- Up-to-date symlink: /home/krishna-vineeth/dev_ws/install/articubot_one/share/articubot_one/package.xml
[1.199s] Invoked command in '/home/krishna-vineeth/dev_ws/build/articubot_one' returned '0': CMAKE_PREFIX_PATH=${CMAKE_PREFIX_PATH}:/opt/ros/humble /usr/bin/cmake --install /home/krishna-vineeth/dev_ws/build/articubot_one
