[0.092s] Invoking command in '/home/krishna-vineeth/dev_ws/build/articubot_one': CMAKE_PREFIX_PATH=${CMAKE_PREFIX_PATH}:/opt/ros/humble /usr/bin/cmake --build /home/krishna-vineeth/dev_ws/build/articubot_one -- -j8 -l8
[0.290s] Invoked command in '/home/krishna-vineeth/dev_ws/build/articubot_one' returned '0': CMAKE_PREFIX_PATH=${CMAKE_PREFIX_PATH}:/opt/ros/humble /usr/bin/cmake --build /home/krishna-vineeth/dev_ws/build/articubot_one -- -j8 -l8
[0.311s] Invoking command in '/home/krishna-vineeth/dev_ws/build/articubot_one': CMAKE_PREFIX_PATH=${CMAKE_PREFIX_PATH}:/opt/ros/humble /usr/bin/cmake --install /home/krishna-vineeth/dev_ws/build/articubot_one
[0.317s] -- Install configuration: ""
[0.317s] -- Execute custom install script
[0.318s] -- Up-to-date symlink: /home/krishna-vineeth/dev_ws/install/articubot_one/share/articubot_one/config/drive_bot.rviz
[0.318s] -- Up-to-date symlink: /home/krishna-vineeth/dev_ws/install/articubot_one/share/articubot_one/config/empty.yaml
[0.318s] -- Up-to-date symlink: /home/krishna-vineeth/dev_ws/install/articubot_one/share/articubot_one/config/new_bot.rviz
[0.318s] -- Up-to-date symlink: /home/krishna-vineeth/dev_ws/install/articubot_one/share/articubot_one/config/view_bot.rviz
[0.318s] -- Up-to-date symlink: /home/krishna-vineeth/dev_ws/install/articubot_one/share/articubot_one/description/camera.xacro
[0.318s] -- Up-to-date symlink: /home/krishna-vineeth/dev_ws/install/articubot_one/share/articubot_one/description/gazebo_control.xacro
[0.318s] -- Up-to-date symlink: /home/krishna-vineeth/dev_ws/install/articubot_one/share/articubot_one/description/inertial_macros.xacro
[0.319s] -- Up-to-date symlink: /home/krishna-vineeth/dev_ws/install/articubot_one/share/articubot_one/description/lidar.xacro
[0.319s] -- Up-to-date symlink: /home/krishna-vineeth/dev_ws/install/articubot_one/share/articubot_one/description/robot.urdf.xacro
[0.319s] -- Up-to-date symlink: /home/krishna-vineeth/dev_ws/install/articubot_one/share/articubot_one/description/robot_core.xacro
[0.319s] -- Up-to-date symlink: /home/krishna-vineeth/dev_ws/install/articubot_one/share/articubot_one/launch/launch_sim.launch.py
[0.319s] -- Up-to-date symlink: /home/krishna-vineeth/dev_ws/install/articubot_one/share/articubot_one/launch/rsp.launch.py
[0.320s] -- Up-to-date symlink: /home/krishna-vineeth/dev_ws/install/articubot_one/share/articubot_one/worlds/agriculture.world
[0.320s] -- Up-to-date symlink: /home/krishna-vineeth/dev_ws/install/articubot_one/share/articubot_one/worlds/azcar.world
[0.320s] -- Up-to-date symlink: /home/krishna-vineeth/dev_ws/install/articubot_one/share/articubot_one/worlds/barrels.world
[0.320s] -- Up-to-date symlink: /home/krishna-vineeth/dev_ws/install/articubot_one/share/articubot_one/worlds/canyonview_field.world
[0.320s] -- Up-to-date symlink: /home/krishna-vineeth/dev_ws/install/articubot_one/share/articubot_one/worlds/cars-and-pathway.world
[0.320s] -- Up-to-date symlink: /home/krishna-vineeth/dev_ws/install/articubot_one/share/articubot_one/worlds/city_osm_roundabout.world
[0.320s] -- Up-to-date symlink: /home/krishna-vineeth/dev_ws/install/articubot_one/share/articubot_one/worlds/city_osm_roundabout_combined.world
[0.321s] -- Up-to-date symlink: /home/krishna-vineeth/dev_ws/install/articubot_one/share/articubot_one/worlds/cyberzoo.world
[0.321s] -- Up-to-date symlink: /home/krishna-vineeth/dev_ws/install/articubot_one/share/articubot_one/worlds/cyberzoo2019_orange_poles.world
[0.321s] -- Up-to-date symlink: /home/krishna-vineeth/dev_ws/install/articubot_one/share/articubot_one/worlds/cyberzoo2019_orange_poles_panels.world
[0.321s] -- Up-to-date symlink: /home/krishna-vineeth/dev_ws/install/articubot_one/share/articubot_one/worlds/cyberzoo2019_orange_poles_panels_mats.world
[0.321s] -- Up-to-date symlink: /home/krishna-vineeth/dev_ws/install/articubot_one/share/articubot_one/worlds/cyberzoo2019_ralphthesis2020.world
[0.321s] -- Up-to-date symlink: /home/krishna-vineeth/dev_ws/install/articubot_one/share/articubot_one/worlds/cyberzoo_4_panels.world
[0.321s] -- Up-to-date symlink: /home/krishna-vineeth/dev_ws/install/articubot_one/share/articubot_one/worlds/cyberzoo_orange_poles.world
[0.321s] -- Up-to-date symlink: /home/krishna-vineeth/dev_ws/install/articubot_one/share/articubot_one/worlds/cyberzoo_panel.world
[0.321s] -- Up-to-date symlink: /home/krishna-vineeth/dev_ws/install/articubot_one/share/articubot_one/worlds/drone_race_track_2018_actual.world
[0.322s] -- Up-to-date symlink: /home/krishna-vineeth/dev_ws/install/articubot_one/share/articubot_one/worlds/drone_race_track_2018_actual_with_gatepapers.world
[0.322s] -- Up-to-date symlink: /home/krishna-vineeth/dev_ws/install/articubot_one/share/articubot_one/worlds/empty.world
[0.322s] -- Up-to-date symlink: /home/krishna-vineeth/dev_ws/install/articubot_one/share/articubot_one/worlds/empty_aerial_manipulation.world
[0.322s] -- Up-to-date symlink: /home/krishna-vineeth/dev_ws/install/articubot_one/share/articubot_one/worlds/fetchit_challenge_arena_montreal2019.world
[0.322s] -- Up-to-date symlink: /home/krishna-vineeth/dev_ws/install/articubot_one/share/articubot_one/worlds/fetchit_challenge_arena_montreal2019_highlights.world
[0.322s] -- Up-to-date symlink: /home/krishna-vineeth/dev_ws/install/articubot_one/share/articubot_one/worlds/fetchit_challenge_arena_montreal2019_onlylights.world
[0.322s] -- Up-to-date symlink: /home/krishna-vineeth/dev_ws/install/articubot_one/share/articubot_one/worlds/fetchit_challenge_assembly.world
[0.322s] -- Up-to-date symlink: /home/krishna-vineeth/dev_ws/install/articubot_one/share/articubot_one/worlds/fetchit_challenge_atrezzo.world
[0.323s] -- Up-to-date symlink: /home/krishna-vineeth/dev_ws/install/articubot_one/share/articubot_one/worlds/fetchit_challenge_simple.world
[0.323s] -- Up-to-date symlink: /home/krishna-vineeth/dev_ws/install/articubot_one/share/articubot_one/worlds/fetchit_challenge_simple_highlights.world
[0.323s] -- Up-to-date symlink: /home/krishna-vineeth/dev_ws/install/articubot_one/share/articubot_one/worlds/fetchit_challenge_tests.world
[0.323s] -- Up-to-date symlink: /home/krishna-vineeth/dev_ws/install/articubot_one/share/articubot_one/worlds/fetchit_challenge_tests_lowlights.world
[0.323s] -- Up-to-date symlink: /home/krishna-vineeth/dev_ws/install/articubot_one/share/articubot_one/worlds/hemicyl.world
[0.323s] -- Up-to-date symlink: /home/krishna-vineeth/dev_ws/install/articubot_one/share/articubot_one/worlds/house.world
[0.323s] -- Up-to-date symlink: /home/krishna-vineeth/dev_ws/install/articubot_one/share/articubot_one/worlds/inspection.world
[0.323s] -- Up-to-date symlink: /home/krishna-vineeth/dev_ws/install/articubot_one/share/articubot_one/worlds/neighborhood.world
[0.324s] -- Up-to-date symlink: /home/krishna-vineeth/dev_ws/install/articubot_one/share/articubot_one/worlds/obstacles.world
[0.324s] -- Up-to-date symlink: /home/krishna-vineeth/dev_ws/install/articubot_one/share/articubot_one/worlds/office_cpr.world
[0.324s] -- Up-to-date symlink: /home/krishna-vineeth/dev_ws/install/articubot_one/share/articubot_one/worlds/office_cpr_construction.world
[0.324s] -- Up-to-date symlink: /home/krishna-vineeth/dev_ws/install/articubot_one/share/articubot_one/worlds/office_earthquake.world
[0.324s] -- Up-to-date symlink: /home/krishna-vineeth/dev_ws/install/articubot_one/share/articubot_one/worlds/office_env_large.world
[0.324s] -- Up-to-date symlink: /home/krishna-vineeth/dev_ws/install/articubot_one/share/articubot_one/worlds/office_small.world
[0.324s] -- Up-to-date symlink: /home/krishna-vineeth/dev_ws/install/articubot_one/share/articubot_one/worlds/outdoor.world
[0.324s] -- Up-to-date symlink: /home/krishna-vineeth/dev_ws/install/articubot_one/share/articubot_one/worlds/powerplant.world
[0.325s] -- Up-to-date symlink: /home/krishna-vineeth/dev_ws/install/articubot_one/share/articubot_one/worlds/rubble.world
[0.325s] -- Up-to-date symlink: /home/krishna-vineeth/dev_ws/install/articubot_one/share/articubot_one/worlds/simple_env_1.world
[0.325s] -- Up-to-date symlink: /home/krishna-vineeth/dev_ws/install/articubot_one/share/articubot_one/worlds/simple_env_2.world
[0.325s] -- Up-to-date symlink: /home/krishna-vineeth/dev_ws/install/articubot_one/share/articubot_one/worlds/simple_env_3.world
[0.325s] -- Up-to-date symlink: /home/krishna-vineeth/dev_ws/install/articubot_one/share/articubot_one/worlds/skidpan.world
[0.325s] -- Up-to-date symlink: /home/krishna-vineeth/dev_ws/install/articubot_one/share/articubot_one/worlds/small_city.world
[0.325s] -- Up-to-date symlink: /home/krishna-vineeth/dev_ws/install/articubot_one/share/articubot_one/worlds/terrain-world.world
[0.325s] -- Up-to-date symlink: /home/krishna-vineeth/dev_ws/install/articubot_one/share/articubot_one/worlds/test_city.world
[0.325s] -- Up-to-date symlink: /home/krishna-vineeth/dev_ws/install/articubot_one/share/articubot_one/worlds/test_zone.world
[0.326s] -- Up-to-date symlink: /home/krishna-vineeth/dev_ws/install/articubot_one/share/articubot_one/worlds/wall_aerial_manipulation.world
[0.326s] -- Up-to-date symlink: /home/krishna-vineeth/dev_ws/install/articubot_one/share/articubot_one/worlds/warehouse.world
[0.326s] -- Up-to-date symlink: /home/krishna-vineeth/dev_ws/install/articubot_one/share/articubot_one/worlds/waypoint.world
[0.326s] -- Up-to-date symlink: /home/krishna-vineeth/dev_ws/install/articubot_one/share/articubot_one/worlds/workshop_example.world
[0.326s] -- Up-to-date symlink: /home/krishna-vineeth/dev_ws/install/articubot_one/share/articubot_one/worlds/yosemite.world
[0.326s] -- Up-to-date symlink: /home/krishna-vineeth/dev_ws/install/articubot_one/share/ament_index/resource_index/package_run_dependencies/articubot_one
[0.327s] -- Up-to-date symlink: /home/krishna-vineeth/dev_ws/install/articubot_one/share/ament_index/resource_index/parent_prefix_path/articubot_one
[0.327s] -- Up-to-date symlink: /home/krishna-vineeth/dev_ws/install/articubot_one/share/articubot_one/environment/ament_prefix_path.sh
[0.327s] -- Up-to-date symlink: /home/krishna-vineeth/dev_ws/install/articubot_one/share/articubot_one/environment/ament_prefix_path.dsv
[0.327s] -- Up-to-date symlink: /home/krishna-vineeth/dev_ws/install/articubot_one/share/articubot_one/environment/path.sh
[0.327s] -- Up-to-date symlink: /home/krishna-vineeth/dev_ws/install/articubot_one/share/articubot_one/environment/path.dsv
[0.328s] -- Up-to-date symlink: /home/krishna-vineeth/dev_ws/install/articubot_one/share/articubot_one/local_setup.bash
[0.328s] -- Up-to-date symlink: /home/krishna-vineeth/dev_ws/install/articubot_one/share/articubot_one/local_setup.sh
[0.328s] -- Up-to-date symlink: /home/krishna-vineeth/dev_ws/install/articubot_one/share/articubot_one/local_setup.zsh
[0.328s] -- Up-to-date symlink: /home/krishna-vineeth/dev_ws/install/articubot_one/share/articubot_one/local_setup.dsv
[0.328s] -- Symlinking: /home/krishna-vineeth/dev_ws/install/articubot_one/share/articubot_one/package.dsv
[0.336s] -- Up-to-date symlink: /home/krishna-vineeth/dev_ws/install/articubot_one/share/ament_index/resource_index/packages/articubot_one
[0.337s] -- Up-to-date symlink: /home/krishna-vineeth/dev_ws/install/articubot_one/share/articubot_one/cmake/articubot_oneConfig.cmake
[0.337s] -- Up-to-date symlink: /home/krishna-vineeth/dev_ws/install/articubot_one/share/articubot_one/cmake/articubot_oneConfig-version.cmake
[0.337s] -- Up-to-date symlink: /home/krishna-vineeth/dev_ws/install/articubot_one/share/articubot_one/package.xml
[0.338s] Invoked command in '/home/krishna-vineeth/dev_ws/build/articubot_one' returned '0': CMAKE_PREFIX_PATH=${CMAKE_PREFIX_PATH}:/opt/ros/humble /usr/bin/cmake --install /home/krishna-vineeth/dev_ws/build/articubot_one
